[2017-12-07 10:20:20] 124005 [Dbs-worker-2] INFO  slow  - TIME [saveGameObject] takes: 0.065s
[2017-12-07 10:20:20] 124087 [Dbs-worker-6] INFO  slow  - TIME [saveGameObject] takes: 0.039s
[2017-12-07 10:21:36] 200092 [Dbs-worker-7] INFO  slow  - TIME [saveGameObject] takes: 0.038s
[2017-12-07 10:31:43] 807421 [Dbs-worker-12] INFO  slow  - TIME [saveGameObject] takes: 0.027s
[2017-12-07 10:36:43] 1107407 [Dbs-worker-14] INFO  slow  - TIME [saveGameObject] takes: 0.029s
[2017-12-07 10:41:43] 1407405 [Dbs-worker-16] INFO  slow  - TIME [saveGameObject] takes: 0.026s
[2017-12-07 10:42:44] 1467702 [Dbs-worker-17] INFO  slow  - TIME [saveGameObject] takes: 0.031s
[2017-12-07 10:49:18] 29651 [Dbs-worker-1] INFO  slow  - TIME [loadGameObject] takes: 0.066s
[2017-12-07 10:52:39] 230957 [Dbs-worker-2] INFO  slow  - TIME [saveGameObject] takes: 0.044s
[2017-12-07 11:00:22] 693484 [Dbs-worker-7] INFO  slow  - TIME [saveGameObject] takes: 0.041s
[2017-12-07 11:00:31] 702583 [Dbs-worker-10] INFO  slow  - TIME [saveGameObject] takes: 0.027s
[2017-12-07 11:02:47] 839007 [Dbs-worker-13] INFO  slow  - TIME [saveGameObject] takes: 0.026s
[2017-12-07 11:07:02] 1093626 [Dbs-worker-18] INFO  slow  - TIME [saveGameObject] takes: 0.045s
[2017-12-07 11:07:02] 1093626 [Dbs-worker-19] INFO  slow  - TIME [saveGameObject] takes: 0.045s
[2017-12-07 11:07:14] 1105987 [Dbs-worker-4] INFO  slow  - TIME [saveGameObject] takes: 0.03s
[2017-12-07 11:12:44] 1436083 [Dbs-worker-8] INFO  slow  - TIME [saveGameObject] takes: 0.026s
[2017-12-07 11:17:08] 1700367 [Dbs-worker-10] INFO  slow  - TIME [saveGameObject] takes: 0.037s
[2017-12-07 11:18:17] 1768701 [Dbs-worker-11] INFO  slow  - TIME [saveGameObject] takes: 0.028s
[2017-12-07 11:25:54] 2225600 [Dbs-worker-17] INFO  slow  - TIME [saveGameObject] takes: 0.026s
[2017-12-07 11:45:54] 3425616 [Dbs-worker-6] INFO  slow  - TIME [saveGameObject] takes: 0.043s
[2017-12-07 11:48:24] 3575629 [Dbs-worker-8] INFO  slow  - TIME [saveGameObject] takes: 0.055s
[2017-12-07 11:51:12] 3744022 [Dbs-worker-9] INFO  slow  - TIME [saveGameObject] takes: 0.045s
[2017-12-07 12:18:24] 5375605 [Dbs-worker-0] INFO  slow  - TIME [saveGameObject] takes: 0.027s
[2017-12-07 12:43:24] 6875603 [Dbs-worker-9] INFO  slow  - TIME [saveGameObject] takes: 0.026s
[2017-12-07 13:03:24] 8075604 [Dbs-worker-16] INFO  slow  - TIME [saveGameObject] takes: 0.026s
[2017-12-07 13:13:24] 8675596 [Dbs-worker-19] INFO  slow  - TIME [saveGameObject] takes: 0.026s
[2017-12-07 13:18:24] 8975600 [Dbs-worker-1] INFO  slow  - TIME [saveGameObject] takes: 0.027s
[2017-12-07 14:18:24] 12575611 [Dbs-worker-0] INFO  slow  - TIME [saveGameObject] takes: 0.038s
[2017-12-07 14:21:57] 12789306 [Dbs-worker-1] INFO  slow  - TIME [saveGameObject] takes: 0.027s
[2017-12-07 14:55:06] 14777672 [Dbs-worker-11] INFO  slow  - TIME [saveGameObject] takes: 0.056s
[2017-12-07 15:01:55] 15186424 [Dbs-worker-15] INFO  slow  - TIME [saveGameObject] takes: 0.064s
[2017-12-07 15:30:27] 455077 [pool-5-thread-1] INFO  slow  - TIME [dbLog] takes: 0.057s
[2017-12-07 15:43:39] 335640 [pool-5-thread-1] INFO  slow  - TIME [dbLog] takes: 0.047s
[2017-12-07 18:07:21] 6814 [Dbs-worker-1] INFO  slow  - TIME [loadGameObject(SharedEntity)] takes: 0.045s
[2017-12-07 18:07:50] 36304 [Dbs-worker-3] INFO  slow  - TIME [loadGameObject] takes: 0.045s
[2017-12-07 18:08:35] 81277 [Dbs-worker-5] INFO  slow  - TIME [saveGameObject] takes: 0.087s
[2017-12-07 18:09:23] 129301 [Dbs-worker-11] INFO  slow  - TIME [saveGameObject] takes: 0.064s
[2017-12-07 18:16:20] 545907 [Dbs-worker-17] INFO  slow  - TIME [saveGameObject] takes: 0.065s
[2017-12-07 18:39:28] 1934664 [pool-5-thread-1] INFO  slow  - TIME [dbLog] takes: 0.07s
[2017-12-07 18:39:28] 1934665 [Dbs-worker-6] INFO  slow  - TIME [saveGameObject(SharedEntity)] takes: 0.071s
[2017-12-07 19:24:28] 4634659 [Dbs-worker-3] INFO  slow  - TIME [saveGameObject] takes: 0.062s
